-------------------------------------------------------------------------------
Test set: com.zakia.users.UsersMicrosrviceApplicationTests
-------------------------------------------------------------------------------
Tests run: 1, Failures: 0, Errors: 1, Skipped: 0, Time elapsed: 0.267 s <<< FAILURE! - in com.zakia.users.UsersMicrosrviceApplicationTests
com.zakia.users.UsersMicrosrviceApplicationTests  Time elapsed: 0.266 s  <<< ERROR!
java.lang.IllegalStateException: Unable to find a @SpringBootConfiguration, you need to use @ContextConfiguration or @SpringBootTest(classes=...) with your test

